{"/home/rishi/srk-automotive/redline/packages/core/models/Engine.ts": {"path":"/home/rishi/srk-automotive/redline/packages/core/models/Engine.ts","all":false,"statementMap":{"0":{"start":{"line":1,"column":0},"end":{"line":1,"column":8}},"1":{"start":{"line":2,"column":0},"end":{"line":2,"column":20}},"2":{"start":{"line":3,"column":0},"end":{"line":3,"column":20}},"3":{"start":{"line":4,"column":0},"end":{"line":4,"column":9}},"4":{"start":{"line":5,"column":0},"end":{"line":5,"column":11}},"5":{"start":{"line":6,"column":0},"end":{"line":6,"column":27}},"6":{"start":{"line":7,"column":0},"end":{"line":7,"column":8}},"7":{"start":{"line":8,"column":0},"end":{"line":8,"column":17}},"8":{"start":{"line":9,"column":0},"end":{"line":9,"column":14}},"9":{"start":{"line":10,"column":0},"end":{"line":10,"column":21}},"10":{"start":{"line":11,"column":0},"end":{"line":11,"column":13}},"11":{"start":{"line":12,"column":0},"end":{"line":12,"column":11}},"12":{"start":{"line":13,"column":0},"end":{"line":13,"column":14}},"13":{"start":{"line":14,"column":0},"end":{"line":14,"column":15}},"14":{"start":{"line":15,"column":0},"end":{"line":15,"column":25}},"15":{"start":{"line":16,"column":0},"end":{"line":16,"column":72}},"16":{"start":{"line":17,"column":0},"end":{"line":17,"column":0}},"17":{"start":{"line":18,"column":0},"end":{"line":18,"column":31}},"18":{"start":{"line":19,"column":0},"end":{"line":19,"column":13}},"19":{"start":{"line":20,"column":0},"end":{"line":20,"column":35}},"20":{"start":{"line":21,"column":0},"end":{"line":21,"column":27}},"21":{"start":{"line":22,"column":0},"end":{"line":22,"column":22}},"22":{"start":{"line":23,"column":0},"end":{"line":23,"column":36}},"23":{"start":{"line":24,"column":0},"end":{"line":24,"column":21}},"24":{"start":{"line":25,"column":0},"end":{"line":25,"column":0}},"25":{"start":{"line":26,"column":0},"end":{"line":26,"column":32}},"26":{"start":{"line":27,"column":0},"end":{"line":27,"column":25}},"27":{"start":{"line":28,"column":0},"end":{"line":28,"column":55}},"28":{"start":{"line":29,"column":0},"end":{"line":29,"column":30}},"29":{"start":{"line":30,"column":0},"end":{"line":30,"column":39}},"30":{"start":{"line":31,"column":0},"end":{"line":31,"column":39}},"31":{"start":{"line":32,"column":0},"end":{"line":32,"column":27}},"32":{"start":{"line":33,"column":0},"end":{"line":33,"column":25}},"33":{"start":{"line":34,"column":0},"end":{"line":34,"column":27}},"34":{"start":{"line":35,"column":0},"end":{"line":35,"column":28}},"35":{"start":{"line":36,"column":0},"end":{"line":36,"column":28}},"36":{"start":{"line":37,"column":0},"end":{"line":37,"column":33}},"37":{"start":{"line":38,"column":0},"end":{"line":38,"column":52}},"38":{"start":{"line":39,"column":0},"end":{"line":39,"column":53}},"39":{"start":{"line":40,"column":0},"end":{"line":40,"column":31}},"40":{"start":{"line":41,"column":0},"end":{"line":41,"column":30}},"41":{"start":{"line":42,"column":0},"end":{"line":42,"column":49}},"42":{"start":{"line":43,"column":0},"end":{"line":43,"column":20}},"43":{"start":{"line":44,"column":0},"end":{"line":44,"column":1}},"44":{"start":{"line":45,"column":0},"end":{"line":45,"column":0}},"45":{"start":{"line":46,"column":0},"end":{"line":46,"column":21}},"46":{"start":{"line":47,"column":0},"end":{"line":47,"column":51}},"47":{"start":{"line":48,"column":0},"end":{"line":48,"column":41}},"48":{"start":{"line":49,"column":0},"end":{"line":49,"column":0}},"49":{"start":{"line":50,"column":0},"end":{"line":50,"column":43}},"50":{"start":{"line":51,"column":0},"end":{"line":51,"column":38}},"51":{"start":{"line":52,"column":0},"end":{"line":52,"column":52}},"52":{"start":{"line":53,"column":0},"end":{"line":53,"column":37}},"53":{"start":{"line":54,"column":0},"end":{"line":54,"column":0}},"54":{"start":{"line":55,"column":0},"end":{"line":55,"column":56}},"55":{"start":{"line":56,"column":0},"end":{"line":56,"column":45}},"56":{"start":{"line":57,"column":0},"end":{"line":57,"column":54}},"57":{"start":{"line":58,"column":0},"end":{"line":58,"column":35}},"58":{"start":{"line":59,"column":0},"end":{"line":59,"column":0}},"59":{"start":{"line":60,"column":0},"end":{"line":60,"column":42}},"60":{"start":{"line":61,"column":0},"end":{"line":61,"column":43}},"61":{"start":{"line":62,"column":0},"end":{"line":62,"column":41}},"62":{"start":{"line":63,"column":0},"end":{"line":63,"column":43}},"63":{"start":{"line":64,"column":0},"end":{"line":64,"column":57}},"64":{"start":{"line":65,"column":0},"end":{"line":65,"column":77}},"65":{"start":{"line":66,"column":0},"end":{"line":66,"column":87}},"66":{"start":{"line":67,"column":0},"end":{"line":67,"column":0}},"67":{"start":{"line":68,"column":0},"end":{"line":68,"column":67}},"68":{"start":{"line":69,"column":0},"end":{"line":69,"column":68}},"69":{"start":{"line":70,"column":0},"end":{"line":70,"column":0}},"70":{"start":{"line":71,"column":0},"end":{"line":71,"column":47}},"71":{"start":{"line":72,"column":0},"end":{"line":72,"column":46}},"72":{"start":{"line":73,"column":0},"end":{"line":73,"column":65}},"73":{"start":{"line":74,"column":0},"end":{"line":74,"column":0}},"74":{"start":{"line":75,"column":0},"end":{"line":75,"column":37}},"75":{"start":{"line":76,"column":0},"end":{"line":76,"column":44}},"76":{"start":{"line":77,"column":0},"end":{"line":77,"column":42}},"77":{"start":{"line":78,"column":0},"end":{"line":78,"column":42}},"78":{"start":{"line":79,"column":0},"end":{"line":79,"column":44}},"79":{"start":{"line":80,"column":0},"end":{"line":80,"column":36}},"80":{"start":{"line":81,"column":0},"end":{"line":81,"column":0}},"81":{"start":{"line":82,"column":0},"end":{"line":82,"column":51}},"82":{"start":{"line":83,"column":0},"end":{"line":83,"column":46}},"83":{"start":{"line":84,"column":0},"end":{"line":84,"column":42}},"84":{"start":{"line":85,"column":0},"end":{"line":85,"column":79}},"85":{"start":{"line":86,"column":0},"end":{"line":86,"column":46}},"86":{"start":{"line":87,"column":0},"end":{"line":87,"column":55}},"87":{"start":{"line":88,"column":0},"end":{"line":88,"column":36}},"88":{"start":{"line":89,"column":0},"end":{"line":89,"column":43}},"89":{"start":{"line":90,"column":0},"end":{"line":90,"column":0}},"90":{"start":{"line":91,"column":0},"end":{"line":91,"column":37}},"91":{"start":{"line":92,"column":0},"end":{"line":92,"column":30}},"92":{"start":{"line":93,"column":0},"end":{"line":93,"column":32}},"93":{"start":{"line":94,"column":0},"end":{"line":94,"column":28}},"94":{"start":{"line":95,"column":0},"end":{"line":95,"column":32}},"95":{"start":{"line":96,"column":0},"end":{"line":96,"column":52}},"96":{"start":{"line":97,"column":0},"end":{"line":97,"column":46}},"97":{"start":{"line":98,"column":0},"end":{"line":98,"column":44}},"98":{"start":{"line":99,"column":0},"end":{"line":99,"column":40}},"99":{"start":{"line":100,"column":0},"end":{"line":100,"column":0}},"100":{"start":{"line":101,"column":0},"end":{"line":101,"column":59}},"101":{"start":{"line":102,"column":0},"end":{"line":102,"column":38}},"102":{"start":{"line":103,"column":0},"end":{"line":103,"column":34}},"103":{"start":{"line":104,"column":0},"end":{"line":104,"column":12}},"104":{"start":{"line":105,"column":0},"end":{"line":105,"column":62}},"105":{"start":{"line":106,"column":0},"end":{"line":106,"column":5}},"106":{"start":{"line":107,"column":0},"end":{"line":107,"column":0}},"107":{"start":{"line":108,"column":0},"end":{"line":108,"column":73}},"108":{"start":{"line":109,"column":0},"end":{"line":109,"column":43}},"109":{"start":{"line":110,"column":0},"end":{"line":110,"column":44}},"110":{"start":{"line":111,"column":0},"end":{"line":111,"column":44}},"111":{"start":{"line":112,"column":0},"end":{"line":112,"column":78}},"112":{"start":{"line":113,"column":0},"end":{"line":113,"column":12}},"113":{"start":{"line":114,"column":0},"end":{"line":114,"column":35}},"114":{"start":{"line":115,"column":0},"end":{"line":115,"column":5}},"115":{"start":{"line":116,"column":0},"end":{"line":116,"column":0}},"116":{"start":{"line":117,"column":0},"end":{"line":117,"column":24}},"117":{"start":{"line":118,"column":0},"end":{"line":118,"column":54}},"118":{"start":{"line":119,"column":0},"end":{"line":119,"column":48}},"119":{"start":{"line":120,"column":0},"end":{"line":120,"column":5}},"120":{"start":{"line":121,"column":0},"end":{"line":121,"column":56}},"121":{"start":{"line":122,"column":0},"end":{"line":122,"column":49}},"122":{"start":{"line":123,"column":0},"end":{"line":123,"column":5}},"123":{"start":{"line":124,"column":0},"end":{"line":124,"column":52}},"124":{"start":{"line":125,"column":0},"end":{"line":125,"column":47}},"125":{"start":{"line":126,"column":0},"end":{"line":126,"column":5}},"126":{"start":{"line":127,"column":0},"end":{"line":127,"column":56}},"127":{"start":{"line":128,"column":0},"end":{"line":128,"column":49}},"128":{"start":{"line":129,"column":0},"end":{"line":129,"column":5}},"129":{"start":{"line":130,"column":0},"end":{"line":130,"column":56}},"130":{"start":{"line":131,"column":0},"end":{"line":131,"column":50}},"131":{"start":{"line":132,"column":0},"end":{"line":132,"column":5}},"132":{"start":{"line":133,"column":0},"end":{"line":133,"column":76}},"133":{"start":{"line":134,"column":0},"end":{"line":134,"column":66}},"134":{"start":{"line":135,"column":0},"end":{"line":135,"column":5}},"135":{"start":{"line":136,"column":0},"end":{"line":136,"column":66}},"136":{"start":{"line":137,"column":0},"end":{"line":137,"column":55}},"137":{"start":{"line":138,"column":0},"end":{"line":138,"column":5}},"138":{"start":{"line":139,"column":0},"end":{"line":139,"column":0}},"139":{"start":{"line":140,"column":0},"end":{"line":140,"column":41}},"140":{"start":{"line":141,"column":0},"end":{"line":141,"column":63}},"141":{"start":{"line":142,"column":0},"end":{"line":142,"column":21}},"142":{"start":{"line":143,"column":0},"end":{"line":143,"column":56}},"143":{"start":{"line":144,"column":0},"end":{"line":144,"column":7}},"144":{"start":{"line":145,"column":0},"end":{"line":145,"column":5}},"145":{"start":{"line":146,"column":0},"end":{"line":146,"column":0}},"146":{"start":{"line":147,"column":0},"end":{"line":147,"column":74}},"147":{"start":{"line":148,"column":0},"end":{"line":148,"column":35}},"148":{"start":{"line":149,"column":0},"end":{"line":149,"column":34}},"149":{"start":{"line":150,"column":0},"end":{"line":150,"column":18}},"150":{"start":{"line":151,"column":0},"end":{"line":151,"column":38}},"151":{"start":{"line":152,"column":0},"end":{"line":152,"column":23}},"152":{"start":{"line":153,"column":0},"end":{"line":153,"column":29}},"153":{"start":{"line":154,"column":0},"end":{"line":154,"column":54}},"154":{"start":{"line":155,"column":0},"end":{"line":155,"column":52}},"155":{"start":{"line":156,"column":0},"end":{"line":156,"column":75}},"156":{"start":{"line":157,"column":0},"end":{"line":157,"column":24}},"157":{"start":{"line":158,"column":0},"end":{"line":158,"column":143}},"158":{"start":{"line":159,"column":0},"end":{"line":159,"column":10}},"159":{"start":{"line":160,"column":0},"end":{"line":160,"column":7}},"160":{"start":{"line":161,"column":0},"end":{"line":161,"column":5}},"161":{"start":{"line":162,"column":0},"end":{"line":162,"column":0}},"162":{"start":{"line":163,"column":0},"end":{"line":163,"column":76}},"163":{"start":{"line":164,"column":0},"end":{"line":164,"column":73}},"164":{"start":{"line":165,"column":0},"end":{"line":165,"column":87}},"165":{"start":{"line":166,"column":0},"end":{"line":166,"column":45}},"166":{"start":{"line":167,"column":0},"end":{"line":167,"column":74}},"167":{"start":{"line":168,"column":0},"end":{"line":168,"column":24}},"168":{"start":{"line":169,"column":0},"end":{"line":169,"column":150}},"169":{"start":{"line":170,"column":0},"end":{"line":170,"column":10}},"170":{"start":{"line":171,"column":0},"end":{"line":171,"column":7}},"171":{"start":{"line":172,"column":0},"end":{"line":172,"column":5}},"172":{"start":{"line":173,"column":0},"end":{"line":173,"column":0}},"173":{"start":{"line":174,"column":0},"end":{"line":174,"column":51}},"174":{"start":{"line":175,"column":0},"end":{"line":175,"column":8}},"175":{"start":{"line":176,"column":0},"end":{"line":176,"column":36}},"176":{"start":{"line":177,"column":0},"end":{"line":177,"column":20}},"177":{"start":{"line":178,"column":0},"end":{"line":178,"column":24}},"178":{"start":{"line":179,"column":0},"end":{"line":179,"column":35}},"179":{"start":{"line":180,"column":0},"end":{"line":180,"column":7}},"180":{"start":{"line":181,"column":0},"end":{"line":181,"column":22}},"181":{"start":{"line":182,"column":0},"end":{"line":182,"column":99}},"182":{"start":{"line":183,"column":0},"end":{"line":183,"column":8}},"183":{"start":{"line":184,"column":0},"end":{"line":184,"column":5}},"184":{"start":{"line":185,"column":0},"end":{"line":185,"column":0}},"185":{"start":{"line":186,"column":0},"end":{"line":186,"column":73}},"186":{"start":{"line":187,"column":0},"end":{"line":187,"column":51}},"187":{"start":{"line":188,"column":0},"end":{"line":188,"column":69}},"188":{"start":{"line":189,"column":0},"end":{"line":189,"column":46}},"189":{"start":{"line":190,"column":0},"end":{"line":190,"column":60}},"190":{"start":{"line":191,"column":0},"end":{"line":191,"column":24}},"191":{"start":{"line":192,"column":0},"end":{"line":192,"column":133}},"192":{"start":{"line":193,"column":0},"end":{"line":193,"column":10}},"193":{"start":{"line":194,"column":0},"end":{"line":194,"column":7}},"194":{"start":{"line":195,"column":0},"end":{"line":195,"column":0}},"195":{"start":{"line":196,"column":0},"end":{"line":196,"column":68}},"196":{"start":{"line":197,"column":0},"end":{"line":197,"column":48}},"197":{"start":{"line":198,"column":0},"end":{"line":198,"column":61}},"198":{"start":{"line":199,"column":0},"end":{"line":199,"column":24}},"199":{"start":{"line":200,"column":0},"end":{"line":200,"column":134}},"200":{"start":{"line":201,"column":0},"end":{"line":201,"column":10}},"201":{"start":{"line":202,"column":0},"end":{"line":202,"column":7}},"202":{"start":{"line":203,"column":0},"end":{"line":203,"column":5}},"203":{"start":{"line":204,"column":0},"end":{"line":204,"column":3}},"204":{"start":{"line":205,"column":0},"end":{"line":205,"column":0}},"205":{"start":{"line":206,"column":0},"end":{"line":206,"column":39}},"206":{"start":{"line":207,"column":0},"end":{"line":207,"column":24}},"207":{"start":{"line":208,"column":0},"end":{"line":208,"column":17}},"208":{"start":{"line":209,"column":0},"end":{"line":209,"column":49}},"209":{"start":{"line":210,"column":0},"end":{"line":210,"column":13}},"210":{"start":{"line":211,"column":0},"end":{"line":211,"column":26}},"211":{"start":{"line":212,"column":0},"end":{"line":212,"column":72}},"212":{"start":{"line":213,"column":0},"end":{"line":213,"column":5}},"213":{"start":{"line":214,"column":0},"end":{"line":214,"column":0}},"214":{"start":{"line":215,"column":0},"end":{"line":215,"column":28}},"215":{"start":{"line":216,"column":0},"end":{"line":216,"column":44}},"216":{"start":{"line":217,"column":0},"end":{"line":217,"column":35}},"217":{"start":{"line":218,"column":0},"end":{"line":218,"column":29}},"218":{"start":{"line":219,"column":0},"end":{"line":219,"column":83}},"219":{"start":{"line":220,"column":0},"end":{"line":220,"column":0}},"220":{"start":{"line":221,"column":0},"end":{"line":221,"column":58}},"221":{"start":{"line":222,"column":0},"end":{"line":222,"column":52}},"222":{"start":{"line":223,"column":0},"end":{"line":223,"column":5}},"223":{"start":{"line":224,"column":0},"end":{"line":224,"column":0}},"224":{"start":{"line":225,"column":0},"end":{"line":225,"column":32}},"225":{"start":{"line":226,"column":0},"end":{"line":226,"column":57}},"226":{"start":{"line":227,"column":0},"end":{"line":227,"column":81}},"227":{"start":{"line":228,"column":0},"end":{"line":228,"column":21}},"228":{"start":{"line":229,"column":0},"end":{"line":229,"column":23}},"229":{"start":{"line":230,"column":0},"end":{"line":230,"column":61}},"230":{"start":{"line":231,"column":0},"end":{"line":231,"column":5}},"231":{"start":{"line":232,"column":0},"end":{"line":232,"column":0}},"232":{"start":{"line":233,"column":0},"end":{"line":233,"column":22}},"233":{"start":{"line":234,"column":0},"end":{"line":234,"column":50}},"234":{"start":{"line":235,"column":0},"end":{"line":235,"column":71}},"235":{"start":{"line":236,"column":0},"end":{"line":236,"column":18}},"236":{"start":{"line":237,"column":0},"end":{"line":237,"column":20}},"237":{"start":{"line":238,"column":0},"end":{"line":238,"column":61}},"238":{"start":{"line":239,"column":0},"end":{"line":239,"column":5}},"239":{"start":{"line":240,"column":0},"end":{"line":240,"column":0}},"240":{"start":{"line":241,"column":0},"end":{"line":241,"column":23}},"241":{"start":{"line":242,"column":0},"end":{"line":242,"column":35}},"242":{"start":{"line":243,"column":0},"end":{"line":243,"column":29}},"243":{"start":{"line":244,"column":0},"end":{"line":244,"column":15}},"244":{"start":{"line":245,"column":0},"end":{"line":245,"column":58}},"245":{"start":{"line":246,"column":0},"end":{"line":246,"column":14}},"246":{"start":{"line":247,"column":0},"end":{"line":247,"column":15}},"247":{"start":{"line":248,"column":0},"end":{"line":248,"column":58}},"248":{"start":{"line":249,"column":0},"end":{"line":249,"column":14}},"249":{"start":{"line":250,"column":0},"end":{"line":250,"column":15}},"250":{"start":{"line":251,"column":0},"end":{"line":251,"column":21}},"251":{"start":{"line":252,"column":0},"end":{"line":252,"column":37}},"252":{"start":{"line":253,"column":0},"end":{"line":253,"column":115}},"253":{"start":{"line":254,"column":0},"end":{"line":254,"column":10}},"254":{"start":{"line":255,"column":0},"end":{"line":255,"column":14}},"255":{"start":{"line":256,"column":0},"end":{"line":256,"column":15}},"256":{"start":{"line":257,"column":0},"end":{"line":257,"column":21}},"257":{"start":{"line":258,"column":0},"end":{"line":258,"column":37}},"258":{"start":{"line":259,"column":0},"end":{"line":259,"column":149}},"259":{"start":{"line":260,"column":0},"end":{"line":260,"column":10}},"260":{"start":{"line":261,"column":0},"end":{"line":261,"column":14}},"261":{"start":{"line":262,"column":0},"end":{"line":262,"column":15}},"262":{"start":{"line":263,"column":0},"end":{"line":263,"column":21}},"263":{"start":{"line":264,"column":0},"end":{"line":264,"column":37}},"264":{"start":{"line":265,"column":0},"end":{"line":265,"column":21}},"265":{"start":{"line":266,"column":0},"end":{"line":266,"column":137}},"266":{"start":{"line":267,"column":0},"end":{"line":267,"column":137}},"267":{"start":{"line":268,"column":0},"end":{"line":268,"column":12}},"268":{"start":{"line":269,"column":0},"end":{"line":269,"column":10}},"269":{"start":{"line":270,"column":0},"end":{"line":270,"column":14}},"270":{"start":{"line":271,"column":0},"end":{"line":271,"column":15}},"271":{"start":{"line":272,"column":0},"end":{"line":272,"column":21}},"272":{"start":{"line":273,"column":0},"end":{"line":273,"column":37}},"273":{"start":{"line":274,"column":0},"end":{"line":274,"column":21}},"274":{"start":{"line":275,"column":0},"end":{"line":275,"column":137}},"275":{"start":{"line":276,"column":0},"end":{"line":276,"column":137}},"276":{"start":{"line":277,"column":0},"end":{"line":277,"column":12}},"277":{"start":{"line":278,"column":0},"end":{"line":278,"column":10}},"278":{"start":{"line":279,"column":0},"end":{"line":279,"column":14}},"279":{"start":{"line":280,"column":0},"end":{"line":280,"column":15}},"280":{"start":{"line":281,"column":0},"end":{"line":281,"column":21}},"281":{"start":{"line":282,"column":0},"end":{"line":282,"column":36}},"282":{"start":{"line":283,"column":0},"end":{"line":283,"column":21}},"283":{"start":{"line":284,"column":0},"end":{"line":284,"column":105}},"284":{"start":{"line":285,"column":0},"end":{"line":285,"column":139}},"285":{"start":{"line":286,"column":0},"end":{"line":286,"column":12}},"286":{"start":{"line":287,"column":0},"end":{"line":287,"column":10}},"287":{"start":{"line":288,"column":0},"end":{"line":288,"column":14}},"288":{"start":{"line":289,"column":0},"end":{"line":289,"column":15}},"289":{"start":{"line":290,"column":0},"end":{"line":290,"column":21}},"290":{"start":{"line":291,"column":0},"end":{"line":291,"column":36}},"291":{"start":{"line":292,"column":0},"end":{"line":292,"column":21}},"292":{"start":{"line":293,"column":0},"end":{"line":293,"column":105}},"293":{"start":{"line":294,"column":0},"end":{"line":294,"column":137}},"294":{"start":{"line":295,"column":0},"end":{"line":295,"column":137}},"295":{"start":{"line":296,"column":0},"end":{"line":296,"column":12}},"296":{"start":{"line":297,"column":0},"end":{"line":297,"column":10}},"297":{"start":{"line":298,"column":0},"end":{"line":298,"column":14}},"298":{"start":{"line":299,"column":0},"end":{"line":299,"column":14}},"299":{"start":{"line":300,"column":0},"end":{"line":300,"column":70}},"300":{"start":{"line":301,"column":0},"end":{"line":301,"column":5}},"301":{"start":{"line":302,"column":0},"end":{"line":302,"column":0}},"302":{"start":{"line":303,"column":0},"end":{"line":303,"column":34}},"303":{"start":{"line":304,"column":0},"end":{"line":304,"column":79}},"304":{"start":{"line":305,"column":0},"end":{"line":305,"column":18}},"305":{"start":{"line":306,"column":0},"end":{"line":306,"column":33}},"306":{"start":{"line":307,"column":0},"end":{"line":307,"column":37}},"307":{"start":{"line":308,"column":0},"end":{"line":308,"column":15}},"308":{"start":{"line":309,"column":0},"end":{"line":309,"column":16}},"309":{"start":{"line":310,"column":0},"end":{"line":310,"column":59}},"310":{"start":{"line":311,"column":0},"end":{"line":311,"column":6}},"311":{"start":{"line":312,"column":0},"end":{"line":312,"column":0}},"312":{"start":{"line":313,"column":0},"end":{"line":313,"column":30}},"313":{"start":{"line":314,"column":0},"end":{"line":314,"column":3}},"314":{"start":{"line":315,"column":0},"end":{"line":315,"column":0}},"315":{"start":{"line":316,"column":0},"end":{"line":316,"column":24}},"316":{"start":{"line":317,"column":0},"end":{"line":317,"column":43}},"317":{"start":{"line":318,"column":0},"end":{"line":318,"column":67}},"318":{"start":{"line":319,"column":0},"end":{"line":319,"column":3}},"319":{"start":{"line":320,"column":0},"end":{"line":320,"column":0}},"320":{"start":{"line":321,"column":0},"end":{"line":321,"column":44}},"321":{"start":{"line":322,"column":0},"end":{"line":322,"column":69}},"322":{"start":{"line":323,"column":0},"end":{"line":323,"column":3}},"323":{"start":{"line":324,"column":0},"end":{"line":324,"column":0}},"324":{"start":{"line":325,"column":0},"end":{"line":325,"column":45}},"325":{"start":{"line":326,"column":0},"end":{"line":326,"column":74}},"326":{"start":{"line":327,"column":0},"end":{"line":327,"column":3}},"327":{"start":{"line":328,"column":0},"end":{"line":328,"column":0}},"328":{"start":{"line":329,"column":0},"end":{"line":329,"column":40}},"329":{"start":{"line":330,"column":0},"end":{"line":330,"column":56}},"330":{"start":{"line":331,"column":0},"end":{"line":331,"column":55}},"331":{"start":{"line":332,"column":0},"end":{"line":332,"column":3}},"332":{"start":{"line":333,"column":0},"end":{"line":333,"column":0}},"333":{"start":{"line":334,"column":0},"end":{"line":334,"column":37}},"334":{"start":{"line":335,"column":0},"end":{"line":335,"column":55}},"335":{"start":{"line":336,"column":0},"end":{"line":336,"column":3}},"336":{"start":{"line":337,"column":0},"end":{"line":337,"column":0}},"337":{"start":{"line":338,"column":0},"end":{"line":338,"column":40}},"338":{"start":{"line":339,"column":0},"end":{"line":339,"column":59}},"339":{"start":{"line":340,"column":0},"end":{"line":340,"column":3}},"340":{"start":{"line":341,"column":0},"end":{"line":341,"column":0}},"341":{"start":{"line":342,"column":0},"end":{"line":342,"column":26}},"342":{"start":{"line":343,"column":0},"end":{"line":343,"column":56}},"343":{"start":{"line":344,"column":0},"end":{"line":344,"column":52}},"344":{"start":{"line":345,"column":0},"end":{"line":345,"column":47}},"345":{"start":{"line":346,"column":0},"end":{"line":346,"column":92}},"346":{"start":{"line":347,"column":0},"end":{"line":347,"column":90}},"347":{"start":{"line":348,"column":0},"end":{"line":348,"column":3}},"348":{"start":{"line":349,"column":0},"end":{"line":349,"column":0}},"349":{"start":{"line":350,"column":0},"end":{"line":350,"column":39}},"350":{"start":{"line":351,"column":0},"end":{"line":351,"column":58}},"351":{"start":{"line":352,"column":0},"end":{"line":352,"column":3}},"352":{"start":{"line":353,"column":0},"end":{"line":353,"column":1}},"353":{"start":{"line":354,"column":0},"end":{"line":354,"column":0}},"354":{"start":{"line":355,"column":0},"end":{"line":355,"column":42}},"355":{"start":{"line":356,"column":0},"end":{"line":356,"column":28}},"356":{"start":{"line":357,"column":0},"end":{"line":357,"column":45}},"357":{"start":{"line":358,"column":0},"end":{"line":358,"column":0}},"358":{"start":{"line":359,"column":0},"end":{"line":359,"column":65}},"359":{"start":{"line":360,"column":0},"end":{"line":360,"column":44}},"360":{"start":{"line":361,"column":0},"end":{"line":361,"column":16}},"361":{"start":{"line":362,"column":0},"end":{"line":362,"column":3}},"362":{"start":{"line":363,"column":0},"end":{"line":363,"column":0}},"363":{"start":{"line":364,"column":0},"end":{"line":364,"column":56}},"364":{"start":{"line":365,"column":0},"end":{"line":365,"column":42}},"365":{"start":{"line":366,"column":0},"end":{"line":366,"column":16}},"366":{"start":{"line":367,"column":0},"end":{"line":367,"column":3}},"367":{"start":{"line":368,"column":0},"end":{"line":368,"column":0}},"368":{"start":{"line":369,"column":0},"end":{"line":369,"column":47}},"369":{"start":{"line":370,"column":0},"end":{"line":370,"column":40}},"370":{"start":{"line":371,"column":0},"end":{"line":371,"column":16}},"371":{"start":{"line":372,"column":0},"end":{"line":372,"column":3}},"372":{"start":{"line":373,"column":0},"end":{"line":373,"column":0}},"373":{"start":{"line":374,"column":0},"end":{"line":374,"column":53}},"374":{"start":{"line":375,"column":0},"end":{"line":375,"column":44}},"375":{"start":{"line":376,"column":0},"end":{"line":376,"column":16}},"376":{"start":{"line":377,"column":0},"end":{"line":377,"column":3}},"377":{"start":{"line":378,"column":0},"end":{"line":378,"column":0}},"378":{"start":{"line":379,"column":0},"end":{"line":379,"column":47}},"379":{"start":{"line":380,"column":0},"end":{"line":380,"column":36}},"380":{"start":{"line":381,"column":0},"end":{"line":381,"column":16}},"381":{"start":{"line":382,"column":0},"end":{"line":382,"column":3}},"382":{"start":{"line":383,"column":0},"end":{"line":383,"column":0}},"383":{"start":{"line":384,"column":0},"end":{"line":384,"column":39}},"384":{"start":{"line":385,"column":0},"end":{"line":385,"column":30}},"385":{"start":{"line":386,"column":0},"end":{"line":386,"column":16}},"386":{"start":{"line":387,"column":0},"end":{"line":387,"column":3}},"387":{"start":{"line":388,"column":0},"end":{"line":388,"column":0}},"388":{"start":{"line":389,"column":0},"end":{"line":389,"column":41}},"389":{"start":{"line":390,"column":0},"end":{"line":390,"column":32}},"390":{"start":{"line":391,"column":0},"end":{"line":391,"column":16}},"391":{"start":{"line":392,"column":0},"end":{"line":392,"column":3}},"392":{"start":{"line":393,"column":0},"end":{"line":393,"column":0}},"393":{"start":{"line":394,"column":0},"end":{"line":394,"column":37}},"394":{"start":{"line":395,"column":0},"end":{"line":395,"column":28}},"395":{"start":{"line":396,"column":0},"end":{"line":396,"column":16}},"396":{"start":{"line":397,"column":0},"end":{"line":397,"column":3}},"397":{"start":{"line":398,"column":0},"end":{"line":398,"column":0}},"398":{"start":{"line":399,"column":0},"end":{"line":399,"column":41}},"399":{"start":{"line":400,"column":0},"end":{"line":400,"column":32}},"400":{"start":{"line":401,"column":0},"end":{"line":401,"column":16}},"401":{"start":{"line":402,"column":0},"end":{"line":402,"column":3}},"402":{"start":{"line":403,"column":0},"end":{"line":403,"column":0}},"403":{"start":{"line":404,"column":0},"end":{"line":404,"column":41}},"404":{"start":{"line":405,"column":0},"end":{"line":405,"column":32}},"405":{"start":{"line":406,"column":0},"end":{"line":406,"column":16}},"406":{"start":{"line":407,"column":0},"end":{"line":407,"column":3}},"407":{"start":{"line":408,"column":0},"end":{"line":408,"column":0}},"408":{"start":{"line":409,"column":0},"end":{"line":409,"column":50}},"409":{"start":{"line":410,"column":0},"end":{"line":410,"column":41}},"410":{"start":{"line":411,"column":0},"end":{"line":411,"column":16}},"411":{"start":{"line":412,"column":0},"end":{"line":412,"column":3}},"412":{"start":{"line":413,"column":0},"end":{"line":413,"column":0}},"413":{"start":{"line":414,"column":0},"end":{"line":414,"column":56}},"414":{"start":{"line":415,"column":0},"end":{"line":415,"column":38}},"415":{"start":{"line":416,"column":0},"end":{"line":416,"column":16}},"416":{"start":{"line":417,"column":0},"end":{"line":417,"column":3}},"417":{"start":{"line":418,"column":0},"end":{"line":418,"column":0}},"418":{"start":{"line":419,"column":0},"end":{"line":419,"column":64}},"419":{"start":{"line":420,"column":0},"end":{"line":420,"column":36}},"420":{"start":{"line":421,"column":0},"end":{"line":421,"column":16}},"421":{"start":{"line":422,"column":0},"end":{"line":422,"column":3}},"422":{"start":{"line":423,"column":0},"end":{"line":423,"column":0}},"423":{"start":{"line":424,"column":0},"end":{"line":424,"column":79}},"424":{"start":{"line":425,"column":0},"end":{"line":425,"column":40}},"425":{"start":{"line":426,"column":0},"end":{"line":426,"column":16}},"426":{"start":{"line":427,"column":0},"end":{"line":427,"column":3}},"427":{"start":{"line":428,"column":0},"end":{"line":428,"column":0}},"428":{"start":{"line":429,"column":0},"end":{"line":429,"column":73}},"429":{"start":{"line":430,"column":0},"end":{"line":430,"column":26}},"430":{"start":{"line":431,"column":0},"end":{"line":431,"column":16}},"431":{"start":{"line":432,"column":0},"end":{"line":432,"column":3}},"432":{"start":{"line":433,"column":0},"end":{"line":433,"column":0}},"433":{"start":{"line":434,"column":0},"end":{"line":434,"column":44}},"434":{"start":{"line":435,"column":0},"end":{"line":435,"column":34}},"435":{"start":{"line":436,"column":0},"end":{"line":436,"column":16}},"436":{"start":{"line":437,"column":0},"end":{"line":437,"column":3}},"437":{"start":{"line":438,"column":0},"end":{"line":438,"column":0}},"438":{"start":{"line":439,"column":0},"end":{"line":439,"column":66}},"439":{"start":{"line":440,"column":0},"end":{"line":440,"column":36}},"440":{"start":{"line":441,"column":0},"end":{"line":441,"column":16}},"441":{"start":{"line":442,"column":0},"end":{"line":442,"column":3}},"442":{"start":{"line":443,"column":0},"end":{"line":443,"column":0}},"443":{"start":{"line":444,"column":0},"end":{"line":444,"column":56}},"444":{"start":{"line":445,"column":0},"end":{"line":445,"column":41}},"445":{"start":{"line":446,"column":0},"end":{"line":446,"column":16}},"446":{"start":{"line":447,"column":0},"end":{"line":447,"column":3}},"447":{"start":{"line":448,"column":0},"end":{"line":448,"column":0}},"448":{"start":{"line":449,"column":0},"end":{"line":449,"column":55}},"449":{"start":{"line":450,"column":0},"end":{"line":450,"column":40}},"450":{"start":{"line":451,"column":0},"end":{"line":451,"column":16}},"451":{"start":{"line":452,"column":0},"end":{"line":452,"column":3}},"452":{"start":{"line":453,"column":0},"end":{"line":453,"column":0}},"453":{"start":{"line":454,"column":0},"end":{"line":454,"column":72}},"454":{"start":{"line":455,"column":0},"end":{"line":455,"column":36}},"455":{"start":{"line":456,"column":0},"end":{"line":456,"column":16}},"456":{"start":{"line":457,"column":0},"end":{"line":457,"column":3}},"457":{"start":{"line":458,"column":0},"end":{"line":458,"column":0}},"458":{"start":{"line":459,"column":0},"end":{"line":459,"column":46}},"459":{"start":{"line":460,"column":0},"end":{"line":460,"column":37}},"460":{"start":{"line":461,"column":0},"end":{"line":461,"column":16}},"461":{"start":{"line":462,"column":0},"end":{"line":462,"column":3}},"462":{"start":{"line":463,"column":0},"end":{"line":463,"column":0}},"463":{"start":{"line":464,"column":0},"end":{"line":464,"column":19}},"464":{"start":{"line":465,"column":0},"end":{"line":465,"column":65}},"465":{"start":{"line":466,"column":0},"end":{"line":466,"column":102}},"466":{"start":{"line":467,"column":0},"end":{"line":467,"column":113}},"467":{"start":{"line":468,"column":0},"end":{"line":468,"column":5}},"468":{"start":{"line":469,"column":0},"end":{"line":469,"column":51}},"469":{"start":{"line":470,"column":0},"end":{"line":470,"column":3}},"470":{"start":{"line":471,"column":0},"end":{"line":471,"column":1}}},"s":{"0":1,"1":1,"2":1,"3":1,"4":1,"5":1,"6":1,"7":1,"8":1,"9":1,"10":1,"11":1,"12":1,"13":1,"14":1,"15":1,"16":1,"17":1,"18":1,"19":1,"20":1,"21":1,"22":1,"23":1,"24":1,"25":1,"26":1,"27":1,"28":1,"29":1,"30":1,"31":1,"32":1,"33":1,"34":1,"35":1,"36":1,"37":1,"38":1,"39":1,"40":1,"41":1,"42":1,"43":1,"44":1,"45":1,"46":1,"47":1,"48":1,"49":1,"50":1,"51":1,"52":1,"53":1,"54":1,"55":1,"56":1,"57":1,"58":1,"59":1,"60":1,"61":1,"62":1,"63":1,"64":1,"65":1,"66":1,"67":1,"68":1,"69":1,"70":1,"71":1,"72":1,"73":1,"74":1,"75":47,"76":47,"77":47,"78":47,"79":47,"80":47,"81":47,"82":47,"83":47,"84":47,"85":47,"86":47,"87":47,"88":47,"89":47,"90":47,"91":47,"92":47,"93":47,"94":47,"95":47,"96":47,"97":47,"98":47,"99":47,"100":47,"101":47,"102":9,"103":47,"104":38,"105":38,"106":47,"107":47,"108":47,"109":3,"110":47,"111":1,"112":44,"113":43,"114":43,"115":47,"116":47,"117":47,"118":1,"119":1,"120":47,"121":1,"122":1,"123":47,"124":1,"125":1,"126":47,"127":1,"128":1,"129":47,"130":1,"131":1,"132":47,"133":1,"134":1,"135":47,"136":1,"137":1,"138":40,"139":40,"140":47,"141":3,"142":0,"143":0,"144":3,"145":40,"146":40,"147":47,"148":4,"149":4,"150":4,"151":4,"152":4,"153":4,"154":4,"155":4,"156":1,"157":1,"158":1,"159":1,"160":4,"161":39,"162":39,"163":47,"164":2,"165":2,"166":2,"167":1,"168":1,"169":1,"170":1,"171":2,"172":38,"173":38,"174":38,"175":38,"176":7,"177":7,"178":1,"179":47,"180":1,"181":1,"182":1,"183":1,"184":37,"185":37,"186":47,"187":3,"188":3,"189":3,"190":1,"191":1,"192":1,"193":1,"194":2,"195":2,"196":2,"197":3,"198":0,"199":0,"200":0,"201":0,"202":3,"203":47,"204":1,"205":1,"206":1,"207":14,"208":14,"209":14,"210":14,"211":1,"212":1,"213":13,"214":13,"215":13,"216":13,"217":13,"218":13,"219":13,"220":14,"221":0,"222":0,"223":13,"224":13,"225":13,"226":13,"227":13,"228":14,"229":1,"230":1,"231":12,"232":12,"233":12,"234":12,"235":12,"236":14,"237":1,"238":1,"239":11,"240":11,"241":11,"242":11,"243":14,"244":4,"245":4,"246":14,"247":1,"248":1,"249":14,"250":1,"251":1,"252":1,"253":1,"254":1,"255":14,"256":1,"257":1,"258":1,"259":1,"260":1,"261":14,"262":0,"263":0,"264":0,"265":0,"266":0,"267":0,"268":0,"269":0,"270":14,"271":1,"272":1,"273":1,"274":1,"275":1,"276":1,"277":1,"278":1,"279":14,"280":1,"281":1,"282":1,"283":1,"284":1,"285":1,"286":1,"287":1,"288":14,"289":1,"290":1,"291":1,"292":1,"293":1,"294":1,"295":1,"296":1,"297":1,"298":14,"299":1,"300":14,"301":10,"302":10,"303":14,"304":14,"305":14,"306":14,"307":14,"308":14,"309":14,"310":14,"311":14,"312":14,"313":14,"314":1,"315":1,"316":1,"317":2,"318":2,"319":1,"320":1,"321":1,"322":1,"323":1,"324":1,"325":2,"326":2,"327":1,"328":1,"329":49,"330":49,"331":49,"332":1,"333":1,"334":1,"335":1,"336":1,"337":1,"338":1,"339":1,"340":1,"341":1,"342":10,"343":10,"344":10,"345":10,"346":10,"347":10,"348":1,"349":1,"350":10,"351":10,"352":1,"353":1,"354":1,"355":1,"356":4,"357":1,"358":1,"359":4,"360":4,"361":4,"362":1,"363":1,"364":4,"365":4,"366":4,"367":1,"368":1,"369":4,"370":4,"371":4,"372":1,"373":1,"374":3,"375":3,"376":3,"377":1,"378":1,"379":3,"380":3,"381":3,"382":1,"383":1,"384":1,"385":1,"386":1,"387":1,"388":1,"389":1,"390":1,"391":1,"392":1,"393":1,"394":1,"395":1,"396":1,"397":1,"398":1,"399":1,"400":1,"401":1,"402":1,"403":1,"404":1,"405":1,"406":1,"407":1,"408":1,"409":1,"410":1,"411":1,"412":1,"413":1,"414":1,"415":1,"416":1,"417":1,"418":1,"419":1,"420":1,"421":1,"422":1,"423":1,"424":1,"425":1,"426":1,"427":1,"428":1,"429":1,"430":1,"431":1,"432":1,"433":1,"434":1,"435":1,"436":1,"437":1,"438":1,"439":0,"440":0,"441":0,"442":1,"443":1,"444":1,"445":1,"446":1,"447":1,"448":1,"449":1,"450":1,"451":1,"452":1,"453":1,"454":1,"455":1,"456":1,"457":1,"458":1,"459":1,"460":1,"461":1,"462":1,"463":1,"464":4,"465":4,"466":1,"467":1,"468":3,"469":4,"470":1},"branchMap":{"0":{"type":"branch","line":75,"loc":{"start":{"line":75,"column":2},"end":{"line":204,"column":3}},"locations":[{"start":{"line":75,"column":2},"end":{"line":204,"column":3}}]},"1":{"type":"branch","line":84,"loc":{"start":{"line":84,"column":27},"end":{"line":84,"column":42}},"locations":[{"start":{"line":84,"column":27},"end":{"line":84,"column":42}}]},"2":{"type":"branch","line":85,"loc":{"start":{"line":85,"column":28},"end":{"line":85,"column":79}},"locations":[{"start":{"line":85,"column":28},"end":{"line":85,"column":79}}]},"3":{"type":"branch","line":86,"loc":{"start":{"line":86,"column":27},"end":{"line":86,"column":46}},"locations":[{"start":{"line":86,"column":27},"end":{"line":86,"column":46}}]},"4":{"type":"branch","line":87,"loc":{"start":{"line":87,"column":29},"end":{"line":87,"column":55}},"locations":[{"start":{"line":87,"column":29},"end":{"line":87,"column":55}}]},"5":{"type":"branch","line":88,"loc":{"start":{"line":88,"column":22},"end":{"line":88,"column":36}},"locations":[{"start":{"line":88,"column":22},"end":{"line":88,"column":36}}]},"6":{"type":"branch","line":89,"loc":{"start":{"line":89,"column":26},"end":{"line":89,"column":43}},"locations":[{"start":{"line":89,"column":26},"end":{"line":89,"column":43}}]},"7":{"type":"branch","line":102,"loc":{"start":{"line":102,"column":37},"end":{"line":104,"column":11}},"locations":[{"start":{"line":102,"column":37},"end":{"line":104,"column":11}}]},"8":{"type":"branch","line":104,"loc":{"start":{"line":104,"column":4},"end":{"line":106,"column":5}},"locations":[{"start":{"line":104,"column":4},"end":{"line":106,"column":5}}]},"9":{"type":"branch","line":109,"loc":{"start":{"line":109,"column":42},"end":{"line":111,"column":15}},"locations":[{"start":{"line":109,"column":42},"end":{"line":111,"column":15}}]},"10":{"type":"branch","line":111,"loc":{"start":{"line":111,"column":4},"end":{"line":115,"column":5}},"locations":[{"start":{"line":111,"column":4},"end":{"line":115,"column":5}}]},"11":{"type":"branch","line":111,"loc":{"start":{"line":111,"column":20},"end":{"line":111,"column":43}},"locations":[{"start":{"line":111,"column":20},"end":{"line":111,"column":43}}]},"12":{"type":"branch","line":111,"loc":{"start":{"line":111,"column":43},"end":{"line":113,"column":11}},"locations":[{"start":{"line":111,"column":43},"end":{"line":113,"column":11}}]},"13":{"type":"branch","line":113,"loc":{"start":{"line":113,"column":4},"end":{"line":115,"column":5}},"locations":[{"start":{"line":113,"column":4},"end":{"line":115,"column":5}}]},"14":{"type":"branch","line":118,"loc":{"start":{"line":118,"column":23},"end":{"line":118,"column":53}},"locations":[{"start":{"line":118,"column":23},"end":{"line":118,"column":53}}]},"15":{"type":"branch","line":118,"loc":{"start":{"line":118,"column":53},"end":{"line":120,"column":5}},"locations":[{"start":{"line":118,"column":53},"end":{"line":120,"column":5}}]},"16":{"type":"branch","line":120,"loc":{"start":{"line":120,"column":4},"end":{"line":121,"column":37}},"locations":[{"start":{"line":120,"column":4},"end":{"line":121,"column":37}}]},"17":{"type":"branch","line":121,"loc":{"start":{"line":121,"column":24},"end":{"line":121,"column":55}},"locations":[{"start":{"line":121,"column":24},"end":{"line":121,"column":55}}]},"18":{"type":"branch","line":121,"loc":{"start":{"line":121,"column":55},"end":{"line":123,"column":5}},"locations":[{"start":{"line":121,"column":55},"end":{"line":123,"column":5}}]},"19":{"type":"branch","line":123,"loc":{"start":{"line":123,"column":4},"end":{"line":124,"column":35}},"locations":[{"start":{"line":123,"column":4},"end":{"line":124,"column":35}}]},"20":{"type":"branch","line":124,"loc":{"start":{"line":124,"column":22},"end":{"line":124,"column":51}},"locations":[{"start":{"line":124,"column":22},"end":{"line":124,"column":51}}]},"21":{"type":"branch","line":124,"loc":{"start":{"line":124,"column":51},"end":{"line":126,"column":5}},"locations":[{"start":{"line":124,"column":51},"end":{"line":126,"column":5}}]},"22":{"type":"branch","line":126,"loc":{"start":{"line":126,"column":4},"end":{"line":127,"column":37}},"locations":[{"start":{"line":126,"column":4},"end":{"line":127,"column":37}}]},"23":{"type":"branch","line":127,"loc":{"start":{"line":127,"column":24},"end":{"line":127,"column":55}},"locations":[{"start":{"line":127,"column":24},"end":{"line":127,"column":55}}]},"24":{"type":"branch","line":127,"loc":{"start":{"line":127,"column":55},"end":{"line":129,"column":5}},"locations":[{"start":{"line":127,"column":55},"end":{"line":129,"column":5}}]},"25":{"type":"branch","line":129,"loc":{"start":{"line":129,"column":4},"end":{"line":130,"column":37}},"locations":[{"start":{"line":129,"column":4},"end":{"line":130,"column":37}}]},"26":{"type":"branch","line":130,"loc":{"start":{"line":130,"column":24},"end":{"line":130,"column":55}},"locations":[{"start":{"line":130,"column":24},"end":{"line":130,"column":55}}]},"27":{"type":"branch","line":130,"loc":{"start":{"line":130,"column":55},"end":{"line":132,"column":5}},"locations":[{"start":{"line":130,"column":55},"end":{"line":132,"column":5}}]},"28":{"type":"branch","line":132,"loc":{"start":{"line":132,"column":4},"end":{"line":133,"column":47}},"locations":[{"start":{"line":132,"column":4},"end":{"line":133,"column":47}}]},"29":{"type":"branch","line":133,"loc":{"start":{"line":133,"column":34},"end":{"line":133,"column":75}},"locations":[{"start":{"line":133,"column":34},"end":{"line":133,"column":75}}]},"30":{"type":"branch","line":133,"loc":{"start":{"line":133,"column":75},"end":{"line":135,"column":5}},"locations":[{"start":{"line":133,"column":75},"end":{"line":135,"column":5}}]},"31":{"type":"branch","line":135,"loc":{"start":{"line":135,"column":4},"end":{"line":136,"column":42}},"locations":[{"start":{"line":135,"column":4},"end":{"line":136,"column":42}}]},"32":{"type":"branch","line":136,"loc":{"start":{"line":136,"column":29},"end":{"line":136,"column":65}},"locations":[{"start":{"line":136,"column":29},"end":{"line":136,"column":65}}]},"33":{"type":"branch","line":136,"loc":{"start":{"line":136,"column":65},"end":{"line":138,"column":5}},"locations":[{"start":{"line":136,"column":65},"end":{"line":138,"column":5}}]},"34":{"type":"branch","line":138,"loc":{"start":{"line":138,"column":4},"end":{"line":141,"column":62}},"locations":[{"start":{"line":138,"column":4},"end":{"line":141,"column":62}}]},"35":{"type":"branch","line":141,"loc":{"start":{"line":141,"column":62},"end":{"line":145,"column":5}},"locations":[{"start":{"line":141,"column":62},"end":{"line":145,"column":5}}]},"36":{"type":"branch","line":142,"loc":{"start":{"line":142,"column":20},"end":{"line":144,"column":7}},"locations":[{"start":{"line":142,"column":20},"end":{"line":144,"column":7}}]},"37":{"type":"branch","line":145,"loc":{"start":{"line":145,"column":4},"end":{"line":148,"column":21}},"locations":[{"start":{"line":145,"column":4},"end":{"line":148,"column":21}}]},"38":{"type":"branch","line":148,"loc":{"start":{"line":148,"column":13},"end":{"line":148,"column":34}},"locations":[{"start":{"line":148,"column":13},"end":{"line":148,"column":34}}]},"39":{"type":"branch","line":148,"loc":{"start":{"line":148,"column":34},"end":{"line":161,"column":5}},"locations":[{"start":{"line":148,"column":34},"end":{"line":161,"column":5}}]},"40":{"type":"branch","line":156,"loc":{"start":{"line":156,"column":74},"end":{"line":160,"column":7}},"locations":[{"start":{"line":156,"column":74},"end":{"line":160,"column":7}}]},"41":{"type":"branch","line":161,"loc":{"start":{"line":161,"column":4},"end":{"line":164,"column":44}},"locations":[{"start":{"line":161,"column":4},"end":{"line":164,"column":44}}]},"42":{"type":"branch","line":164,"loc":{"start":{"line":164,"column":31},"end":{"line":164,"column":59}},"locations":[{"start":{"line":164,"column":31},"end":{"line":164,"column":59}}]},"43":{"type":"branch","line":164,"loc":{"start":{"line":164,"column":49},"end":{"line":164,"column":72}},"locations":[{"start":{"line":164,"column":49},"end":{"line":164,"column":72}}]},"44":{"type":"branch","line":164,"loc":{"start":{"line":164,"column":72},"end":{"line":172,"column":5}},"locations":[{"start":{"line":164,"column":72},"end":{"line":172,"column":5}}]},"45":{"type":"branch","line":167,"loc":{"start":{"line":167,"column":73},"end":{"line":171,"column":7}},"locations":[{"start":{"line":167,"column":73},"end":{"line":171,"column":7}}]},"46":{"type":"branch","line":172,"loc":{"start":{"line":172,"column":4},"end":{"line":176,"column":36}},"locations":[{"start":{"line":172,"column":4},"end":{"line":176,"column":36}}]},"47":{"type":"branch","line":176,"loc":{"start":{"line":176,"column":24},"end":{"line":177,"column":20}},"locations":[{"start":{"line":176,"column":24},"end":{"line":177,"column":20}}]},"48":{"type":"branch","line":177,"loc":{"start":{"line":177,"column":11},"end":{"line":178,"column":24}},"locations":[{"start":{"line":177,"column":11},"end":{"line":178,"column":24}}]},"49":{"type":"branch","line":178,"loc":{"start":{"line":178,"column":11},"end":{"line":179,"column":35}},"locations":[{"start":{"line":178,"column":11},"end":{"line":179,"column":35}}]},"50":{"type":"branch","line":180,"loc":{"start":{"line":180,"column":6},"end":{"line":184,"column":5}},"locations":[{"start":{"line":180,"column":6},"end":{"line":184,"column":5}}]},"51":{"type":"branch","line":184,"loc":{"start":{"line":184,"column":4},"end":{"line":187,"column":22}},"locations":[{"start":{"line":184,"column":4},"end":{"line":187,"column":22}}]},"52":{"type":"branch","line":187,"loc":{"start":{"line":187,"column":13},"end":{"line":187,"column":37}},"locations":[{"start":{"line":187,"column":13},"end":{"line":187,"column":37}}]},"53":{"type":"branch","line":187,"loc":{"start":{"line":187,"column":27},"end":{"line":187,"column":50}},"locations":[{"start":{"line":187,"column":27},"end":{"line":187,"column":50}}]},"54":{"type":"branch","line":187,"loc":{"start":{"line":187,"column":50},"end":{"line":203,"column":5}},"locations":[{"start":{"line":187,"column":50},"end":{"line":203,"column":5}}]},"55":{"type":"branch","line":190,"loc":{"start":{"line":190,"column":59},"end":{"line":194,"column":7}},"locations":[{"start":{"line":190,"column":59},"end":{"line":194,"column":7}}]},"56":{"type":"branch","line":194,"loc":{"start":{"line":194,"column":6},"end":{"line":198,"column":60}},"locations":[{"start":{"line":194,"column":6},"end":{"line":198,"column":60}}]},"57":{"type":"branch","line":198,"loc":{"start":{"line":198,"column":60},"end":{"line":202,"column":7}},"locations":[{"start":{"line":198,"column":60},"end":{"line":202,"column":7}}]},"58":{"type":"branch","line":207,"loc":{"start":{"line":207,"column":9},"end":{"line":314,"column":3}},"locations":[{"start":{"line":207,"column":9},"end":{"line":314,"column":3}}]},"59":{"type":"branch","line":211,"loc":{"start":{"line":211,"column":25},"end":{"line":213,"column":5}},"locations":[{"start":{"line":211,"column":25},"end":{"line":213,"column":5}}]},"60":{"type":"branch","line":213,"loc":{"start":{"line":213,"column":4},"end":{"line":221,"column":57}},"locations":[{"start":{"line":213,"column":4},"end":{"line":221,"column":57}}]},"61":{"type":"branch","line":221,"loc":{"start":{"line":221,"column":57},"end":{"line":223,"column":5}},"locations":[{"start":{"line":221,"column":57},"end":{"line":223,"column":5}}]},"62":{"type":"branch","line":223,"loc":{"start":{"line":223,"column":4},"end":{"line":229,"column":22}},"locations":[{"start":{"line":223,"column":4},"end":{"line":229,"column":22}}]},"63":{"type":"branch","line":229,"loc":{"start":{"line":229,"column":22},"end":{"line":231,"column":5}},"locations":[{"start":{"line":229,"column":22},"end":{"line":231,"column":5}}]},"64":{"type":"branch","line":231,"loc":{"start":{"line":231,"column":4},"end":{"line":237,"column":19}},"locations":[{"start":{"line":231,"column":4},"end":{"line":237,"column":19}}]},"65":{"type":"branch","line":237,"loc":{"start":{"line":237,"column":19},"end":{"line":239,"column":5}},"locations":[{"start":{"line":237,"column":19},"end":{"line":239,"column":5}}]},"66":{"type":"branch","line":239,"loc":{"start":{"line":239,"column":4},"end":{"line":243,"column":29}},"locations":[{"start":{"line":239,"column":4},"end":{"line":243,"column":29}}]},"67":{"type":"branch","line":244,"loc":{"start":{"line":244,"column":6},"end":{"line":246,"column":14}},"locations":[{"start":{"line":244,"column":6},"end":{"line":246,"column":14}}]},"68":{"type":"branch","line":247,"loc":{"start":{"line":247,"column":6},"end":{"line":249,"column":14}},"locations":[{"start":{"line":247,"column":6},"end":{"line":249,"column":14}}]},"69":{"type":"branch","line":250,"loc":{"start":{"line":250,"column":6},"end":{"line":255,"column":14}},"locations":[{"start":{"line":250,"column":6},"end":{"line":255,"column":14}}]},"70":{"type":"branch","line":256,"loc":{"start":{"line":256,"column":6},"end":{"line":261,"column":14}},"locations":[{"start":{"line":256,"column":6},"end":{"line":261,"column":14}}]},"71":{"type":"branch","line":262,"loc":{"start":{"line":262,"column":6},"end":{"line":270,"column":14}},"locations":[{"start":{"line":262,"column":6},"end":{"line":270,"column":14}}]},"72":{"type":"branch","line":271,"loc":{"start":{"line":271,"column":6},"end":{"line":279,"column":14}},"locations":[{"start":{"line":271,"column":6},"end":{"line":279,"column":14}}]},"73":{"type":"branch","line":280,"loc":{"start":{"line":280,"column":6},"end":{"line":288,"column":14}},"locations":[{"start":{"line":280,"column":6},"end":{"line":288,"column":14}}]},"74":{"type":"branch","line":289,"loc":{"start":{"line":289,"column":6},"end":{"line":298,"column":14}},"locations":[{"start":{"line":289,"column":6},"end":{"line":298,"column":14}}]},"75":{"type":"branch","line":299,"loc":{"start":{"line":299,"column":6},"end":{"line":300,"column":70}},"locations":[{"start":{"line":299,"column":6},"end":{"line":300,"column":70}}]},"76":{"type":"branch","line":301,"loc":{"start":{"line":301,"column":4},"end":{"line":304,"column":53}},"locations":[{"start":{"line":301,"column":4},"end":{"line":304,"column":53}}]},"77":{"type":"branch","line":304,"loc":{"start":{"line":304,"column":37},"end":{"line":304,"column":79}},"locations":[{"start":{"line":304,"column":37},"end":{"line":304,"column":79}}]},"78":{"type":"branch","line":227,"loc":{"start":{"line":227,"column":6},"end":{"line":227,"column":81}},"locations":[{"start":{"line":227,"column":6},"end":{"line":227,"column":81}}]},"79":{"type":"branch","line":235,"loc":{"start":{"line":235,"column":6},"end":{"line":235,"column":71}},"locations":[{"start":{"line":235,"column":6},"end":{"line":235,"column":71}}]},"80":{"type":"branch","line":317,"loc":{"start":{"line":317,"column":2},"end":{"line":319,"column":3}},"locations":[{"start":{"line":317,"column":2},"end":{"line":319,"column":3}}]},"81":{"type":"branch","line":318,"loc":{"start":{"line":318,"column":16},"end":{"line":318,"column":57}},"locations":[{"start":{"line":318,"column":16},"end":{"line":318,"column":57}}]},"82":{"type":"branch","line":318,"loc":{"start":{"line":318,"column":42},"end":{"line":318,"column":67}},"locations":[{"start":{"line":318,"column":42},"end":{"line":318,"column":67}}]},"83":{"type":"branch","line":321,"loc":{"start":{"line":321,"column":2},"end":{"line":323,"column":3}},"locations":[{"start":{"line":321,"column":2},"end":{"line":323,"column":3}}]},"84":{"type":"branch","line":322,"loc":{"start":{"line":322,"column":44},"end":{"line":322,"column":69}},"locations":[{"start":{"line":322,"column":44},"end":{"line":322,"column":69}}]},"85":{"type":"branch","line":325,"loc":{"start":{"line":325,"column":2},"end":{"line":327,"column":3}},"locations":[{"start":{"line":325,"column":2},"end":{"line":327,"column":3}}]},"86":{"type":"branch","line":326,"loc":{"start":{"line":326,"column":29},"end":{"line":326,"column":64}},"locations":[{"start":{"line":326,"column":29},"end":{"line":326,"column":64}}]},"87":{"type":"branch","line":326,"loc":{"start":{"line":326,"column":55},"end":{"line":326,"column":74}},"locations":[{"start":{"line":326,"column":55},"end":{"line":326,"column":74}}]},"88":{"type":"branch","line":329,"loc":{"start":{"line":329,"column":2},"end":{"line":332,"column":3}},"locations":[{"start":{"line":329,"column":2},"end":{"line":332,"column":3}}]},"89":{"type":"branch","line":331,"loc":{"start":{"line":331,"column":16},"end":{"line":331,"column":45}},"locations":[{"start":{"line":331,"column":16},"end":{"line":331,"column":45}}]},"90":{"type":"branch","line":331,"loc":{"start":{"line":331,"column":41},"end":{"line":331,"column":55}},"locations":[{"start":{"line":331,"column":41},"end":{"line":331,"column":55}}]},"91":{"type":"branch","line":334,"loc":{"start":{"line":334,"column":2},"end":{"line":336,"column":3}},"locations":[{"start":{"line":334,"column":2},"end":{"line":336,"column":3}}]},"92":{"type":"branch","line":335,"loc":{"start":{"line":335,"column":41},"end":{"line":335,"column":55}},"locations":[{"start":{"line":335,"column":41},"end":{"line":335,"column":55}}]},"93":{"type":"branch","line":338,"loc":{"start":{"line":338,"column":2},"end":{"line":340,"column":3}},"locations":[{"start":{"line":338,"column":2},"end":{"line":340,"column":3}}]},"94":{"type":"branch","line":339,"loc":{"start":{"line":339,"column":45},"end":{"line":339,"column":59}},"locations":[{"start":{"line":339,"column":45},"end":{"line":339,"column":59}}]},"95":{"type":"branch","line":342,"loc":{"start":{"line":342,"column":2},"end":{"line":348,"column":3}},"locations":[{"start":{"line":342,"column":2},"end":{"line":348,"column":3}}]},"96":{"type":"branch","line":350,"loc":{"start":{"line":350,"column":10},"end":{"line":352,"column":3}},"locations":[{"start":{"line":350,"column":10},"end":{"line":352,"column":3}}]},"97":{"type":"branch","line":356,"loc":{"start":{"line":356,"column":7},"end":{"line":357,"column":45}},"locations":[{"start":{"line":356,"column":7},"end":{"line":357,"column":45}}]},"98":{"type":"branch","line":359,"loc":{"start":{"line":359,"column":2},"end":{"line":362,"column":3}},"locations":[{"start":{"line":359,"column":2},"end":{"line":362,"column":3}}]},"99":{"type":"branch","line":364,"loc":{"start":{"line":364,"column":2},"end":{"line":367,"column":3}},"locations":[{"start":{"line":364,"column":2},"end":{"line":367,"column":3}}]},"100":{"type":"branch","line":369,"loc":{"start":{"line":369,"column":2},"end":{"line":372,"column":3}},"locations":[{"start":{"line":369,"column":2},"end":{"line":372,"column":3}}]},"101":{"type":"branch","line":374,"loc":{"start":{"line":374,"column":2},"end":{"line":377,"column":3}},"locations":[{"start":{"line":374,"column":2},"end":{"line":377,"column":3}}]},"102":{"type":"branch","line":379,"loc":{"start":{"line":379,"column":2},"end":{"line":382,"column":3}},"locations":[{"start":{"line":379,"column":2},"end":{"line":382,"column":3}}]},"103":{"type":"branch","line":384,"loc":{"start":{"line":384,"column":2},"end":{"line":387,"column":3}},"locations":[{"start":{"line":384,"column":2},"end":{"line":387,"column":3}}]},"104":{"type":"branch","line":389,"loc":{"start":{"line":389,"column":2},"end":{"line":392,"column":3}},"locations":[{"start":{"line":389,"column":2},"end":{"line":392,"column":3}}]},"105":{"type":"branch","line":394,"loc":{"start":{"line":394,"column":2},"end":{"line":397,"column":3}},"locations":[{"start":{"line":394,"column":2},"end":{"line":397,"column":3}}]},"106":{"type":"branch","line":399,"loc":{"start":{"line":399,"column":2},"end":{"line":402,"column":3}},"locations":[{"start":{"line":399,"column":2},"end":{"line":402,"column":3}}]},"107":{"type":"branch","line":404,"loc":{"start":{"line":404,"column":2},"end":{"line":407,"column":3}},"locations":[{"start":{"line":404,"column":2},"end":{"line":407,"column":3}}]},"108":{"type":"branch","line":409,"loc":{"start":{"line":409,"column":2},"end":{"line":412,"column":3}},"locations":[{"start":{"line":409,"column":2},"end":{"line":412,"column":3}}]},"109":{"type":"branch","line":414,"loc":{"start":{"line":414,"column":2},"end":{"line":417,"column":3}},"locations":[{"start":{"line":414,"column":2},"end":{"line":417,"column":3}}]},"110":{"type":"branch","line":419,"loc":{"start":{"line":419,"column":2},"end":{"line":422,"column":3}},"locations":[{"start":{"line":419,"column":2},"end":{"line":422,"column":3}}]},"111":{"type":"branch","line":424,"loc":{"start":{"line":424,"column":2},"end":{"line":427,"column":3}},"locations":[{"start":{"line":424,"column":2},"end":{"line":427,"column":3}}]},"112":{"type":"branch","line":429,"loc":{"start":{"line":429,"column":2},"end":{"line":432,"column":3}},"locations":[{"start":{"line":429,"column":2},"end":{"line":432,"column":3}}]},"113":{"type":"branch","line":434,"loc":{"start":{"line":434,"column":2},"end":{"line":437,"column":3}},"locations":[{"start":{"line":434,"column":2},"end":{"line":437,"column":3}}]},"114":{"type":"branch","line":444,"loc":{"start":{"line":444,"column":2},"end":{"line":447,"column":3}},"locations":[{"start":{"line":444,"column":2},"end":{"line":447,"column":3}}]},"115":{"type":"branch","line":449,"loc":{"start":{"line":449,"column":2},"end":{"line":452,"column":3}},"locations":[{"start":{"line":449,"column":2},"end":{"line":452,"column":3}}]},"116":{"type":"branch","line":454,"loc":{"start":{"line":454,"column":2},"end":{"line":457,"column":3}},"locations":[{"start":{"line":454,"column":2},"end":{"line":457,"column":3}}]},"117":{"type":"branch","line":459,"loc":{"start":{"line":459,"column":2},"end":{"line":462,"column":3}},"locations":[{"start":{"line":459,"column":2},"end":{"line":462,"column":3}}]},"118":{"type":"branch","line":464,"loc":{"start":{"line":464,"column":2},"end":{"line":470,"column":3}},"locations":[{"start":{"line":464,"column":2},"end":{"line":470,"column":3}}]},"119":{"type":"branch","line":466,"loc":{"start":{"line":466,"column":62},"end":{"line":466,"column":101}},"locations":[{"start":{"line":466,"column":62},"end":{"line":466,"column":101}}]},"120":{"type":"branch","line":466,"loc":{"start":{"line":466,"column":101},"end":{"line":468,"column":5}},"locations":[{"start":{"line":466,"column":101},"end":{"line":468,"column":5}}]},"121":{"type":"branch","line":468,"loc":{"start":{"line":468,"column":4},"end":{"line":469,"column":51}},"locations":[{"start":{"line":468,"column":4},"end":{"line":469,"column":51}}]}},"b":{"0":[47],"1":[45],"2":[26],"3":[46],"4":[46],"5":[46],"6":[46],"7":[9],"8":[38],"9":[3],"10":[44],"11":[8],"12":[1],"13":[43],"14":[7],"15":[1],"16":[46],"17":[6],"18":[1],"19":[45],"20":[6],"21":[1],"22":[44],"23":[7],"24":[1],"25":[43],"26":[10],"27":[1],"28":[42],"29":[2],"30":[1],"31":[41],"32":[4],"33":[1],"34":[40],"35":[3],"36":[0],"37":[40],"38":[5],"39":[4],"40":[1],"41":[39],"42":[2],"43":[2],"44":[2],"45":[1],"46":[38],"47":[7],"48":[7],"49":[1],"50":[1],"51":[37],"52":[6],"53":[3],"54":[3],"55":[1],"56":[2],"57":[0],"58":[14],"59":[1],"60":[13],"61":[0],"62":[13],"63":[1],"64":[12],"65":[1],"66":[11],"67":[4],"68":[1],"69":[1],"70":[1],"71":[0],"72":[1],"73":[1],"74":[1],"75":[1],"76":[10],"77":[9],"78":[32],"79":[14],"80":[2],"81":[1],"82":[1],"83":[1],"84":[0],"85":[2],"86":[1],"87":[1],"88":[49],"89":[5],"90":[44],"91":[1],"92":[0],"93":[1],"94":[0],"95":[10],"96":[10],"97":[4],"98":[4],"99":[4],"100":[4],"101":[3],"102":[3],"103":[1],"104":[1],"105":[1],"106":[1],"107":[1],"108":[1],"109":[1],"110":[1],"111":[1],"112":[1],"113":[1],"114":[1],"115":[1],"116":[1],"117":[1],"118":[4],"119":[3],"120":[1],"121":[3]},"fnMap":{"0":{"name":"Engine","decl":{"start":{"line":75,"column":2},"end":{"line":204,"column":3}},"loc":{"start":{"line":75,"column":2},"end":{"line":204,"column":3}},"line":75},"1":{"name":"fromEngineCode","decl":{"start":{"line":207,"column":9},"end":{"line":314,"column":3}},"loc":{"start":{"line":207,"column":9},"end":{"line":314,"column":3}},"line":207},"2":{"name":"get powerPerLiter","decl":{"start":{"line":317,"column":2},"end":{"line":319,"column":3}},"loc":{"start":{"line":317,"column":2},"end":{"line":319,"column":3}},"line":317},"3":{"name":"get torquePerLiter","decl":{"start":{"line":321,"column":2},"end":{"line":323,"column":3}},"loc":{"start":{"line":321,"column":2},"end":{"line":323,"column":3}},"line":321},"4":{"name":"get boreStrokeRatio","decl":{"start":{"line":325,"column":2},"end":{"line":327,"column":3}},"loc":{"start":{"line":325,"column":2},"end":{"line":327,"column":3}},"line":325},"5":{"name":"get redlineRpm","decl":{"start":{"line":329,"column":2},"end":{"line":332,"column":3}},"loc":{"start":{"line":329,"column":2},"end":{"line":332,"column":3}},"line":329},"6":{"name":"get powerKw","decl":{"start":{"line":334,"column":2},"end":{"line":336,"column":3}},"loc":{"start":{"line":334,"column":2},"end":{"line":336,"column":3}},"line":334},"7":{"name":"get torqueLbFt","decl":{"start":{"line":338,"column":2},"end":{"line":340,"column":3}},"loc":{"start":{"line":338,"column":2},"end":{"line":340,"column":3}},"line":338},"8":{"name":"toEngineCode","decl":{"start":{"line":342,"column":2},"end":{"line":348,"column":3}},"loc":{"start":{"line":342,"column":2},"end":{"line":348,"column":3}},"line":342},"9":{"name":"getAspirationCode","decl":{"start":{"line":350,"column":10},"end":{"line":352,"column":3}},"loc":{"start":{"line":350,"column":10},"end":{"line":352,"column":3}},"line":350},"10":{"name":"EngineBuilder","decl":{"start":{"line":356,"column":7},"end":{"line":357,"column":45}},"loc":{"start":{"line":356,"column":7},"end":{"line":357,"column":45}},"line":356},"11":{"name":"manufacturer","decl":{"start":{"line":359,"column":2},"end":{"line":362,"column":3}},"loc":{"start":{"line":359,"column":2},"end":{"line":362,"column":3}},"line":359},"12":{"name":"engineClass","decl":{"start":{"line":364,"column":2},"end":{"line":367,"column":3}},"loc":{"start":{"line":364,"column":2},"end":{"line":367,"column":3}},"line":364},"13":{"name":"cylinders","decl":{"start":{"line":369,"column":2},"end":{"line":372,"column":3}},"loc":{"start":{"line":369,"column":2},"end":{"line":372,"column":3}},"line":369},"14":{"name":"displacement","decl":{"start":{"line":374,"column":2},"end":{"line":377,"column":3}},"loc":{"start":{"line":374,"column":2},"end":{"line":377,"column":3}},"line":374},"15":{"name":"fuelType","decl":{"start":{"line":379,"column":2},"end":{"line":382,"column":3}},"loc":{"start":{"line":379,"column":2},"end":{"line":382,"column":3}},"line":379},"16":{"name":"power","decl":{"start":{"line":384,"column":2},"end":{"line":387,"column":3}},"loc":{"start":{"line":384,"column":2},"end":{"line":387,"column":3}},"line":384},"17":{"name":"torque","decl":{"start":{"line":389,"column":2},"end":{"line":392,"column":3}},"loc":{"start":{"line":389,"column":2},"end":{"line":392,"column":3}},"line":389},"18":{"name":"bore","decl":{"start":{"line":394,"column":2},"end":{"line":397,"column":3}},"loc":{"start":{"line":394,"column":2},"end":{"line":397,"column":3}},"line":394},"19":{"name":"stroke","decl":{"start":{"line":399,"column":2},"end":{"line":402,"column":3}},"loc":{"start":{"line":399,"column":2},"end":{"line":402,"column":3}},"line":399},"20":{"name":"maxRpm","decl":{"start":{"line":404,"column":2},"end":{"line":407,"column":3}},"loc":{"start":{"line":404,"column":2},"end":{"line":407,"column":3}},"line":404},"21":{"name":"compressionRatio","decl":{"start":{"line":409,"column":2},"end":{"line":412,"column":3}},"loc":{"start":{"line":409,"column":2},"end":{"line":412,"column":3}},"line":409},"22":{"name":"induction","decl":{"start":{"line":414,"column":2},"end":{"line":417,"column":3}},"loc":{"start":{"line":414,"column":2},"end":{"line":417,"column":3}},"line":414},"23":{"name":"throttle","decl":{"start":{"line":419,"column":2},"end":{"line":422,"column":3}},"loc":{"start":{"line":419,"column":2},"end":{"line":422,"column":3}},"line":419},"24":{"name":"valvetrain","decl":{"start":{"line":424,"column":2},"end":{"line":427,"column":3}},"loc":{"start":{"line":424,"column":2},"end":{"line":427,"column":3}},"line":424},"25":{"name":"vvt","decl":{"start":{"line":429,"column":2},"end":{"line":432,"column":3}},"loc":{"start":{"line":429,"column":2},"end":{"line":432,"column":3}},"line":429},"26":{"name":"drySump","decl":{"start":{"line":434,"column":2},"end":{"line":437,"column":3}},"loc":{"start":{"line":434,"column":2},"end":{"line":437,"column":3}},"line":434},"27":{"name":"limiters","decl":{"start":{"line":439,"column":2},"end":{"line":442,"column":3}},"loc":{"start":{"line":439,"column":2},"end":{"line":442,"column":3}},"line":439},"28":{"name":"blockMaterial","decl":{"start":{"line":444,"column":2},"end":{"line":447,"column":3}},"loc":{"start":{"line":444,"column":2},"end":{"line":447,"column":3}},"line":444},"29":{"name":"headMaterial","decl":{"start":{"line":449,"column":2},"end":{"line":452,"column":3}},"loc":{"start":{"line":449,"column":2},"end":{"line":452,"column":3}},"line":449},"30":{"name":"deckDesign","decl":{"start":{"line":454,"column":2},"end":{"line":457,"column":3}},"loc":{"start":{"line":454,"column":2},"end":{"line":457,"column":3}},"line":454},"31":{"name":"oemEngineCode","decl":{"start":{"line":459,"column":2},"end":{"line":462,"column":3}},"loc":{"start":{"line":459,"column":2},"end":{"line":462,"column":3}},"line":459},"32":{"name":"build","decl":{"start":{"line":464,"column":2},"end":{"line":470,"column":3}},"loc":{"start":{"line":464,"column":2},"end":{"line":470,"column":3}},"line":464}},"f":{"0":47,"1":14,"2":2,"3":1,"4":2,"5":49,"6":1,"7":1,"8":10,"9":10,"10":4,"11":4,"12":4,"13":4,"14":3,"15":3,"16":1,"17":1,"18":1,"19":1,"20":1,"21":1,"22":1,"23":1,"24":1,"25":1,"26":1,"27":0,"28":1,"29":1,"30":1,"31":1,"32":4}}
,"/home/rishi/srk-automotive/redline/packages/core/types/engine.ts": {"path":"/home/rishi/srk-automotive/redline/packages/core/types/engine.ts","all":false,"statementMap":{"0":{"start":{"line":1,"column":0},"end":{"line":1,"column":37}},"1":{"start":{"line":2,"column":0},"end":{"line":2,"column":8}},"2":{"start":{"line":3,"column":0},"end":{"line":3,"column":10}},"3":{"start":{"line":4,"column":0},"end":{"line":4,"column":10}},"4":{"start":{"line":5,"column":0},"end":{"line":5,"column":18}},"5":{"start":{"line":6,"column":0},"end":{"line":6,"column":9}},"6":{"start":{"line":7,"column":0},"end":{"line":7,"column":15}},"7":{"start":{"line":8,"column":0},"end":{"line":8,"column":12}},"8":{"start":{"line":9,"column":0},"end":{"line":9,"column":12}},"9":{"start":{"line":10,"column":0},"end":{"line":10,"column":16}},"10":{"start":{"line":11,"column":0},"end":{"line":11,"column":12}},"11":{"start":{"line":12,"column":0},"end":{"line":12,"column":17}},"12":{"start":{"line":13,"column":0},"end":{"line":13,"column":12}},"13":{"start":{"line":14,"column":0},"end":{"line":14,"column":11}},"14":{"start":{"line":15,"column":0},"end":{"line":15,"column":0}},"15":{"start":{"line":16,"column":0},"end":{"line":16,"column":71}},"16":{"start":{"line":17,"column":0},"end":{"line":17,"column":0}},"17":{"start":{"line":18,"column":0},"end":{"line":18,"column":34}},"18":{"start":{"line":19,"column":0},"end":{"line":19,"column":13}},"19":{"start":{"line":20,"column":0},"end":{"line":20,"column":16}},"20":{"start":{"line":21,"column":0},"end":{"line":21,"column":22}},"21":{"start":{"line":22,"column":0},"end":{"line":22,"column":1}},"22":{"start":{"line":23,"column":0},"end":{"line":23,"column":0}},"23":{"start":{"line":24,"column":0},"end":{"line":24,"column":31}},"24":{"start":{"line":25,"column":0},"end":{"line":25,"column":12}},"25":{"start":{"line":26,"column":0},"end":{"line":26,"column":12}},"26":{"start":{"line":27,"column":0},"end":{"line":27,"column":21}},"27":{"start":{"line":28,"column":0},"end":{"line":28,"column":16}},"28":{"start":{"line":29,"column":0},"end":{"line":29,"column":82}},"29":{"start":{"line":30,"column":0},"end":{"line":30,"column":4}},"30":{"start":{"line":31,"column":0},"end":{"line":31,"column":11}},"31":{"start":{"line":32,"column":0},"end":{"line":32,"column":12}},"32":{"start":{"line":33,"column":0},"end":{"line":33,"column":28}},"33":{"start":{"line":34,"column":0},"end":{"line":34,"column":16}},"34":{"start":{"line":35,"column":0},"end":{"line":35,"column":112}},"35":{"start":{"line":36,"column":0},"end":{"line":36,"column":4}},"36":{"start":{"line":37,"column":0},"end":{"line":37,"column":12}},"37":{"start":{"line":38,"column":0},"end":{"line":38,"column":12}},"38":{"start":{"line":39,"column":0},"end":{"line":39,"column":20}},"39":{"start":{"line":40,"column":0},"end":{"line":40,"column":76}},"40":{"start":{"line":41,"column":0},"end":{"line":41,"column":4}},"41":{"start":{"line":42,"column":0},"end":{"line":42,"column":15}},"42":{"start":{"line":43,"column":0},"end":{"line":43,"column":12}},"43":{"start":{"line":44,"column":0},"end":{"line":44,"column":24}},"44":{"start":{"line":45,"column":0},"end":{"line":45,"column":16}},"45":{"start":{"line":46,"column":0},"end":{"line":46,"column":105}},"46":{"start":{"line":47,"column":0},"end":{"line":47,"column":4}},"47":{"start":{"line":48,"column":0},"end":{"line":48,"column":9}},"48":{"start":{"line":49,"column":0},"end":{"line":49,"column":12}},"49":{"start":{"line":50,"column":0},"end":{"line":50,"column":18}},"50":{"start":{"line":51,"column":0},"end":{"line":51,"column":16}},"51":{"start":{"line":52,"column":0},"end":{"line":52,"column":108}},"52":{"start":{"line":53,"column":0},"end":{"line":53,"column":4}},"53":{"start":{"line":54,"column":0},"end":{"line":54,"column":11}},"54":{"start":{"line":55,"column":0},"end":{"line":55,"column":0}},"55":{"start":{"line":56,"column":0},"end":{"line":56,"column":54}},"56":{"start":{"line":57,"column":0},"end":{"line":57,"column":0}},"57":{"start":{"line":58,"column":0},"end":{"line":58,"column":64}},"58":{"start":{"line":59,"column":0},"end":{"line":59,"column":47}},"59":{"start":{"line":60,"column":0},"end":{"line":60,"column":0}},"60":{"start":{"line":61,"column":0},"end":{"line":61,"column":27}},"61":{"start":{"line":62,"column":0},"end":{"line":62,"column":55}},"62":{"start":{"line":63,"column":0},"end":{"line":63,"column":37}},"63":{"start":{"line":64,"column":0},"end":{"line":64,"column":35}},"64":{"start":{"line":65,"column":0},"end":{"line":65,"column":0}},"65":{"start":{"line":66,"column":0},"end":{"line":66,"column":63}},"66":{"start":{"line":67,"column":0},"end":{"line":67,"column":77}},"67":{"start":{"line":68,"column":0},"end":{"line":68,"column":0}},"68":{"start":{"line":69,"column":0},"end":{"line":69,"column":66}},"69":{"start":{"line":70,"column":0},"end":{"line":70,"column":67}},"70":{"start":{"line":71,"column":0},"end":{"line":71,"column":0}},"71":{"start":{"line":72,"column":0},"end":{"line":72,"column":68}},"72":{"start":{"line":73,"column":0},"end":{"line":73,"column":0}},"73":{"start":{"line":74,"column":0},"end":{"line":74,"column":57}},"74":{"start":{"line":75,"column":0},"end":{"line":75,"column":75}},"75":{"start":{"line":76,"column":0},"end":{"line":76,"column":0}},"76":{"start":{"line":77,"column":0},"end":{"line":77,"column":66}}},"s":{"0":1,"1":1,"2":1,"3":1,"4":1,"5":1,"6":1,"7":1,"8":1,"9":1,"10":1,"11":1,"12":1,"13":1,"14":1,"15":1,"16":1,"17":1,"18":1,"19":1,"20":1,"21":1,"22":1,"23":1,"24":1,"25":1,"26":1,"27":1,"28":1,"29":1,"30":1,"31":1,"32":1,"33":1,"34":1,"35":1,"36":1,"37":1,"38":1,"39":1,"40":1,"41":1,"42":1,"43":1,"44":1,"45":1,"46":1,"47":1,"48":1,"49":1,"50":1,"51":1,"52":1,"53":1,"54":1,"55":1,"56":1,"57":1,"58":1,"59":1,"60":1,"61":1,"62":1,"63":1,"64":1,"65":1,"66":1,"67":1,"68":1,"69":1,"70":1,"71":1,"72":1,"73":1,"74":1,"75":1,"76":1},"branchMap":{},"b":{},"fnMap":{},"f":{}}
,"/home/rishi/srk-automotive/redline/packages/core/types/induction.ts": {"path":"/home/rishi/srk-automotive/redline/packages/core/types/induction.ts","all":false,"statementMap":{"0":{"start":{"line":1,"column":0},"end":{"line":1,"column":29}},"1":{"start":{"line":2,"column":0},"end":{"line":2,"column":41}},"2":{"start":{"line":3,"column":0},"end":{"line":3,"column":22}},"3":{"start":{"line":4,"column":0},"end":{"line":4,"column":22}},"4":{"start":{"line":5,"column":0},"end":{"line":5,"column":22}},"5":{"start":{"line":6,"column":0},"end":{"line":6,"column":0}},"6":{"start":{"line":7,"column":0},"end":{"line":7,"column":34}},"7":{"start":{"line":8,"column":0},"end":{"line":8,"column":29}},"8":{"start":{"line":9,"column":0},"end":{"line":9,"column":33}},"9":{"start":{"line":10,"column":0},"end":{"line":10,"column":0}},"10":{"start":{"line":11,"column":0},"end":{"line":11,"column":34}},"11":{"start":{"line":12,"column":0},"end":{"line":12,"column":29}},"12":{"start":{"line":13,"column":0},"end":{"line":13,"column":33}},"13":{"start":{"line":14,"column":0},"end":{"line":14,"column":0}},"14":{"start":{"line":15,"column":0},"end":{"line":15,"column":33}},"15":{"start":{"line":16,"column":0},"end":{"line":16,"column":28}},"16":{"start":{"line":17,"column":0},"end":{"line":17,"column":50}},"17":{"start":{"line":18,"column":0},"end":{"line":18,"column":0}},"18":{"start":{"line":19,"column":0},"end":{"line":19,"column":31}},"19":{"start":{"line":20,"column":0},"end":{"line":20,"column":25}},"20":{"start":{"line":21,"column":0},"end":{"line":21,"column":48}},"21":{"start":{"line":22,"column":0},"end":{"line":22,"column":35}},"22":{"start":{"line":23,"column":0},"end":{"line":23,"column":21}},"23":{"start":{"line":24,"column":0},"end":{"line":24,"column":48}},"24":{"start":{"line":25,"column":0},"end":{"line":25,"column":1}},"25":{"start":{"line":26,"column":0},"end":{"line":26,"column":0}},"26":{"start":{"line":27,"column":0},"end":{"line":27,"column":31}},"27":{"start":{"line":28,"column":0},"end":{"line":28,"column":25}},"28":{"start":{"line":29,"column":0},"end":{"line":29,"column":65}},"29":{"start":{"line":30,"column":0},"end":{"line":30,"column":49}},"30":{"start":{"line":31,"column":0},"end":{"line":31,"column":35}},"31":{"start":{"line":32,"column":0},"end":{"line":32,"column":25}},"32":{"start":{"line":33,"column":0},"end":{"line":33,"column":42}},"33":{"start":{"line":34,"column":0},"end":{"line":34,"column":28}},"34":{"start":{"line":35,"column":0},"end":{"line":35,"column":1}},"35":{"start":{"line":36,"column":0},"end":{"line":36,"column":0}},"36":{"start":{"line":37,"column":0},"end":{"line":37,"column":3}},"37":{"start":{"line":38,"column":0},"end":{"line":38,"column":84}},"38":{"start":{"line":39,"column":0},"end":{"line":39,"column":2}},"39":{"start":{"line":40,"column":0},"end":{"line":40,"column":56}},"40":{"start":{"line":41,"column":0},"end":{"line":41,"column":62}},"41":{"start":{"line":42,"column":0},"end":{"line":42,"column":66}},"42":{"start":{"line":43,"column":0},"end":{"line":43,"column":2}},"43":{"start":{"line":44,"column":0},"end":{"line":44,"column":11}},"44":{"start":{"line":45,"column":0},"end":{"line":45,"column":16}},"45":{"start":{"line":46,"column":0},"end":{"line":46,"column":66}},"46":{"start":{"line":47,"column":0},"end":{"line":47,"column":98}},"47":{"start":{"line":48,"column":0},"end":{"line":48,"column":85}},"48":{"start":{"line":49,"column":0},"end":{"line":49,"column":87}},"49":{"start":{"line":50,"column":0},"end":{"line":50,"column":6}},"50":{"start":{"line":51,"column":0},"end":{"line":51,"column":2}},"51":{"start":{"line":52,"column":0},"end":{"line":52,"column":16}},"52":{"start":{"line":53,"column":0},"end":{"line":53,"column":46}},"53":{"start":{"line":54,"column":0},"end":{"line":54,"column":53}},"54":{"start":{"line":55,"column":0},"end":{"line":55,"column":20}},"55":{"start":{"line":56,"column":0},"end":{"line":56,"column":20}},"56":{"start":{"line":57,"column":0},"end":{"line":57,"column":29}},"57":{"start":{"line":58,"column":0},"end":{"line":58,"column":22}},"58":{"start":{"line":59,"column":0},"end":{"line":59,"column":42}},"59":{"start":{"line":60,"column":0},"end":{"line":60,"column":58}},"60":{"start":{"line":61,"column":0},"end":{"line":61,"column":3}},"61":{"start":{"line":62,"column":0},"end":{"line":62,"column":34}},"62":{"start":{"line":63,"column":0},"end":{"line":63,"column":29}},"63":{"start":{"line":64,"column":0},"end":{"line":64,"column":18}},"64":{"start":{"line":65,"column":0},"end":{"line":65,"column":11}},"65":{"start":{"line":66,"column":0},"end":{"line":66,"column":32}},"66":{"start":{"line":67,"column":0},"end":{"line":67,"column":56}},"67":{"start":{"line":68,"column":0},"end":{"line":68,"column":0}},"68":{"start":{"line":69,"column":0},"end":{"line":69,"column":45}},"69":{"start":{"line":70,"column":0},"end":{"line":70,"column":29}},"70":{"start":{"line":71,"column":0},"end":{"line":71,"column":20}},"71":{"start":{"line":72,"column":0},"end":{"line":72,"column":20}},"72":{"start":{"line":73,"column":0},"end":{"line":73,"column":19}},"73":{"start":{"line":74,"column":0},"end":{"line":74,"column":4}},"74":{"start":{"line":75,"column":0},"end":{"line":75,"column":0}},"75":{"start":{"line":76,"column":0},"end":{"line":76,"column":50}},"76":{"start":{"line":77,"column":0},"end":{"line":77,"column":0}},"77":{"start":{"line":78,"column":0},"end":{"line":78,"column":55}},"78":{"start":{"line":79,"column":0},"end":{"line":79,"column":28}},"79":{"start":{"line":80,"column":0},"end":{"line":80,"column":55}},"80":{"start":{"line":81,"column":0},"end":{"line":81,"column":59}},"81":{"start":{"line":82,"column":0},"end":{"line":82,"column":34}},"82":{"start":{"line":83,"column":0},"end":{"line":83,"column":55}},"83":{"start":{"line":84,"column":0},"end":{"line":84,"column":37}},"84":{"start":{"line":85,"column":0},"end":{"line":85,"column":8}},"85":{"start":{"line":86,"column":0},"end":{"line":86,"column":53}},"86":{"start":{"line":87,"column":0},"end":{"line":87,"column":35}},"87":{"start":{"line":88,"column":0},"end":{"line":88,"column":8}},"88":{"start":{"line":89,"column":0},"end":{"line":89,"column":0}},"89":{"start":{"line":90,"column":0},"end":{"line":90,"column":37}},"90":{"start":{"line":91,"column":0},"end":{"line":91,"column":42}},"91":{"start":{"line":92,"column":0},"end":{"line":92,"column":54}},"92":{"start":{"line":93,"column":0},"end":{"line":93,"column":35}},"93":{"start":{"line":94,"column":0},"end":{"line":94,"column":7}},"94":{"start":{"line":95,"column":0},"end":{"line":95,"column":31}},"95":{"start":{"line":96,"column":0},"end":{"line":96,"column":5}},"96":{"start":{"line":97,"column":0},"end":{"line":97,"column":54}},"97":{"start":{"line":98,"column":0},"end":{"line":98,"column":57}},"98":{"start":{"line":99,"column":0},"end":{"line":99,"column":53}},"99":{"start":{"line":100,"column":0},"end":{"line":100,"column":41}},"100":{"start":{"line":101,"column":0},"end":{"line":101,"column":13}},"101":{"start":{"line":102,"column":0},"end":{"line":102,"column":25}},"102":{"start":{"line":103,"column":0},"end":{"line":103,"column":69}},"103":{"start":{"line":104,"column":0},"end":{"line":104,"column":5}},"104":{"start":{"line":105,"column":0},"end":{"line":105,"column":57}},"105":{"start":{"line":106,"column":0},"end":{"line":106,"column":3}},"106":{"start":{"line":107,"column":0},"end":{"line":107,"column":55}},"107":{"start":{"line":108,"column":0},"end":{"line":108,"column":0}},"108":{"start":{"line":109,"column":0},"end":{"line":109,"column":25}},"109":{"start":{"line":110,"column":0},"end":{"line":110,"column":1}}},"s":{"0":1,"1":1,"2":1,"3":1,"4":1,"5":1,"6":1,"7":1,"8":1,"9":1,"10":1,"11":1,"12":1,"13":1,"14":1,"15":1,"16":1,"17":1,"18":1,"19":1,"20":1,"21":1,"22":1,"23":1,"24":1,"25":1,"26":1,"27":1,"28":1,"29":1,"30":1,"31":1,"32":1,"33":1,"34":1,"35":1,"36":1,"37":1,"38":1,"39":1,"40":1,"41":1,"42":1,"43":1,"44":1,"45":1,"46":1,"47":1,"48":1,"49":1,"50":1,"51":1,"52":1,"53":1,"54":1,"55":1,"56":1,"57":1,"58":1,"59":1,"60":1,"61":1,"62":10,"63":10,"64":10,"65":10,"66":10,"67":10,"68":10,"69":10,"70":10,"71":10,"72":10,"73":10,"74":10,"75":10,"76":10,"77":10,"78":4,"79":10,"80":3,"81":3,"82":3,"83":3,"84":3,"85":3,"86":3,"87":3,"88":3,"89":3,"90":1,"91":3,"92":1,"93":1,"94":3,"95":3,"96":3,"97":2,"98":2,"99":2,"100":2,"101":2,"102":1,"103":1,"104":2,"105":2,"106":10,"107":10,"108":10,"109":10},"branchMap":{"0":{"type":"branch","line":62,"loc":{"start":{"line":62,"column":7},"end":{"line":110,"column":1}},"locations":[{"start":{"line":62,"column":7},"end":{"line":110,"column":1}}]},"1":{"type":"branch","line":67,"loc":{"start":{"line":67,"column":20},"end":{"line":67,"column":56}},"locations":[{"start":{"line":67,"column":20},"end":{"line":67,"column":56}}]},"2":{"type":"branch","line":76,"loc":{"start":{"line":76,"column":43},"end":{"line":76,"column":50}},"locations":[{"start":{"line":76,"column":43},"end":{"line":76,"column":50}}]},"3":{"type":"branch","line":78,"loc":{"start":{"line":78,"column":54},"end":{"line":80,"column":13}},"locations":[{"start":{"line":78,"column":54},"end":{"line":80,"column":13}}]},"4":{"type":"branch","line":79,"loc":{"start":{"line":79,"column":19},"end":{"line":79,"column":28}},"locations":[{"start":{"line":79,"column":19},"end":{"line":79,"column":28}}]},"5":{"type":"branch","line":80,"loc":{"start":{"line":80,"column":2},"end":{"line":106,"column":3}},"locations":[{"start":{"line":80,"column":2},"end":{"line":106,"column":3}}]},"6":{"type":"branch","line":80,"loc":{"start":{"line":80,"column":54},"end":{"line":106,"column":3}},"locations":[{"start":{"line":80,"column":54},"end":{"line":106,"column":3}}]},"7":{"type":"branch","line":90,"loc":{"start":{"line":90,"column":36},"end":{"line":92,"column":17}},"locations":[{"start":{"line":90,"column":36},"end":{"line":92,"column":17}}]},"8":{"type":"branch","line":92,"loc":{"start":{"line":92,"column":6},"end":{"line":94,"column":7}},"locations":[{"start":{"line":92,"column":6},"end":{"line":94,"column":7}}]},"9":{"type":"branch","line":92,"loc":{"start":{"line":92,"column":53},"end":{"line":94,"column":7}},"locations":[{"start":{"line":92,"column":53},"end":{"line":94,"column":7}}]},"10":{"type":"branch","line":97,"loc":{"start":{"line":97,"column":53},"end":{"line":106,"column":3}},"locations":[{"start":{"line":97,"column":53},"end":{"line":106,"column":3}}]},"11":{"type":"branch","line":102,"loc":{"start":{"line":102,"column":24},"end":{"line":104,"column":5}},"locations":[{"start":{"line":102,"column":24},"end":{"line":104,"column":5}}]},"12":{"type":"branch","line":84,"loc":{"start":{"line":84,"column":8},"end":{"line":84,"column":37}},"locations":[{"start":{"line":84,"column":8},"end":{"line":84,"column":37}}]},"13":{"type":"branch","line":87,"loc":{"start":{"line":87,"column":8},"end":{"line":87,"column":35}},"locations":[{"start":{"line":87,"column":8},"end":{"line":87,"column":35}}]},"14":{"type":"branch","line":100,"loc":{"start":{"line":100,"column":6},"end":{"line":100,"column":41}},"locations":[{"start":{"line":100,"column":6},"end":{"line":100,"column":41}}]}},"b":{"0":[10],"1":[1],"2":[0],"3":[4],"4":[1],"5":[6],"6":[3],"7":[1],"8":[2],"9":[1],"10":[2],"11":[1],"12":[4],"13":[4],"14":[5]},"fnMap":{"0":{"name":"getAspirationCode","decl":{"start":{"line":62,"column":7},"end":{"line":110,"column":1}},"loc":{"start":{"line":62,"column":7},"end":{"line":110,"column":1}},"line":62}},"f":{"0":10}}
}
